This file contains any messages produced by compilers while
running configure, to aid debugging if configure makes a mistake.

It was created by saxIgate configure 0.1.3, which was
generated by GNU Autoconf 2.61.  Invocation command line was

  $ ./configure 

## --------- ##
## Platform. ##
## --------- ##

hostname = robbie-ubuntu
uname -m = x86_64
uname -r = 2.6.27-11-generic
uname -s = Linux
uname -v = #1 SMP Thu Jan 29 19:28:32 UTC 2009

/usr/bin/uname -p = unknown
/bin/uname -X     = unknown

/bin/arch              = unknown
/usr/bin/arch -k       = unknown
/usr/convex/getsysinfo = unknown
/usr/bin/hostinfo      = unknown
/bin/machine           = unknown
/usr/bin/oslevel       = unknown
/bin/universe          = unknown

PATH: /usr/local/sbin
PATH: /usr/local/bin
PATH: /usr/sbin
PATH: /usr/bin
PATH: /sbin
PATH: /bin
PATH: /usr/games


## ----------- ##
## Core tests. ##
## ----------- ##

configure:1731: checking for a BSD-compatible install
configure:1787: result: /usr/bin/install -c
configure:1798: checking whether build environment is sane
configure:1841: result: yes
configure:1869: checking for a thread-safe mkdir -p
configure:1908: result: /bin/mkdir -p
configure:1921: checking for gawk
configure:1951: result: no
configure:1921: checking for mawk
configure:1937: found /usr/bin/mawk
configure:1948: result: mawk
configure:1959: checking whether make sets $(MAKE)
configure:1980: result: yes
configure:2216: checking for gcc
configure:2232: found /usr/bin/gcc
configure:2243: result: gcc
configure:2481: checking for C compiler version
configure:2488: gcc --version >&5
gcc (Ubuntu 4.3.2-1ubuntu12) 4.3.2
Copyright (C) 2008 Free Software Foundation, Inc.
This is free software; see the source for copying conditions.  There is NO
warranty; not even for MERCHANTABILITY or FITNESS FOR A PARTICULAR PURPOSE.

configure:2491: $? = 0
configure:2498: gcc -v >&5
Using built-in specs.
Target: x86_64-linux-gnu
Configured with: ../src/configure -v --with-pkgversion='Ubuntu 4.3.2-1ubuntu12' --with-bugurl=file:///usr/share/doc/gcc-4.3/README.Bugs --enable-languages=c,c++,fortran,objc,obj-c++ --prefix=/usr --enable-shared --with-system-zlib --libexecdir=/usr/lib --without-included-gettext --enable-threads=posix --enable-nls --with-gxx-include-dir=/usr/include/c++/4.3 --program-suffix=-4.3 --enable-clocale=gnu --enable-libstdcxx-debug --enable-objc-gc --enable-mpfr --enable-checking=release --build=x86_64-linux-gnu --host=x86_64-linux-gnu --target=x86_64-linux-gnu
Thread model: posix
gcc version 4.3.2 (Ubuntu 4.3.2-1ubuntu12) 
configure:2501: $? = 0
configure:2508: gcc -V >&5
gcc: '-V' option must have argument
configure:2511: $? = 1
configure:2534: checking for C compiler default output file name
configure:2561: gcc    conftest.c  >&5
configure:2564: $? = 0
configure:2602: result: a.out
configure:2619: checking whether the C compiler works
configure:2629: ./a.out
configure:2632: $? = 0
configure:2649: result: yes
configure:2656: checking whether we are cross compiling
configure:2658: result: no
configure:2661: checking for suffix of executables
configure:2668: gcc -o conftest    conftest.c  >&5
configure:2671: $? = 0
configure:2695: result: 
configure:2701: checking for suffix of object files
configure:2727: gcc -c   conftest.c >&5
configure:2730: $? = 0
configure:2753: result: o
configure:2757: checking whether we are using the GNU C compiler
configure:2786: gcc -c   conftest.c >&5
configure:2792: $? = 0
configure:2809: result: yes
configure:2814: checking whether gcc accepts -g
configure:2844: gcc -c -g  conftest.c >&5
configure:2850: $? = 0
configure:2949: result: yes
configure:2966: checking for gcc option to accept ISO C89
configure:3040: gcc  -c -g -O2  conftest.c >&5
configure:3046: $? = 0
configure:3069: result: none needed
configure:3098: checking for style of include used by make
configure:3126: result: GNU
configure:3151: checking dependency style of gcc
configure:3242: result: gcc3
configure:3375: creating ./config.status

## ---------------------- ##
## Running config.status. ##
## ---------------------- ##

This file was extended by saxIgate config.status 0.1.3, which was
generated by GNU Autoconf 2.61.  Invocation command line was

  CONFIG_FILES    = 
  CONFIG_HEADERS  = 
  CONFIG_LINKS    = 
  CONFIG_COMMANDS = 
  $ ./config.status 

on robbie-ubuntu

config.status:633: creating Makefile
config.status:633: creating src/Makefile
config.status:633: creating config.h
config.status:849: config.h is unchanged
config.status:896: executing depfiles commands

## ---------------- ##
## Cache variables. ##
## ---------------- ##

ac_cv_c_compiler_gnu=yes
ac_cv_env_CC_set=
ac_cv_env_CC_value=
ac_cv_env_CFLAGS_set=
ac_cv_env_CFLAGS_value=
ac_cv_env_CPPFLAGS_set=
ac_cv_env_CPPFLAGS_value=
ac_cv_env_LDFLAGS_set=
ac_cv_env_LDFLAGS_value=
ac_cv_env_LIBS_set=
ac_cv_env_LIBS_value=
ac_cv_env_build_alias_set=
ac_cv_env_build_alias_value=
ac_cv_env_host_alias_set=
ac_cv_env_host_alias_value=
ac_cv_env_target_alias_set=
ac_cv_env_target_alias_value=
ac_cv_objext=o
ac_cv_path_install='/usr/bin/install -c'
ac_cv_path_mkdir=/bin/mkdir
ac_cv_prog_AWK=mawk
ac_cv_prog_ac_ct_CC=gcc
ac_cv_prog_cc_c89=
ac_cv_prog_cc_g=yes
ac_cv_prog_make_make_set=yes
am_cv_CC_dependencies_compiler_type=gcc3

## ----------------- ##
## Output variables. ##
## ----------------- ##

ACLOCAL='${SHELL} /home/saxgod/saxigate/missing --run aclocal-1.10'
AMDEPBACKSLASH='\'
AMDEP_FALSE='#'
AMDEP_TRUE=''
AMTAR='${SHELL} /home/saxgod/saxigate/missing --run tar'
AUTOCONF='${SHELL} /home/saxgod/saxigate/missing --run autoconf'
AUTOHEADER='${SHELL} /home/saxgod/saxigate/missing --run autoheader'
AUTOMAKE='${SHELL} /home/saxgod/saxigate/missing --run automake-1.10'
AWK='mawk'
CC='gcc'
CCDEPMODE='depmode=gcc3'
CFLAGS='-g -O2'
CPPFLAGS=''
CYGPATH_W='echo'
DEFS='-DHAVE_CONFIG_H'
DEPDIR='.deps'
ECHO_C=''
ECHO_N='-n'
ECHO_T=''
EXEEXT=''
INSTALL_DATA='${INSTALL} -m 644'
INSTALL_PROGRAM='${INSTALL}'
INSTALL_SCRIPT='${INSTALL}'
INSTALL_STRIP_PROGRAM='$(install_sh) -c -s'
LDFLAGS=''
LIBOBJS=''
LIBS=''
LTLIBOBJS=''
MAKEINFO='${SHELL} /home/saxgod/saxigate/missing --run makeinfo'
OBJEXT='o'
PACKAGE='saxigate'
PACKAGE_BUGREPORT='on4sax@on4sax.be'
PACKAGE_NAME='saxIgate'
PACKAGE_STRING='saxIgate 0.1.3'
PACKAGE_TARNAME='saxigate'
PACKAGE_VERSION='0.1.3'
PATH_SEPARATOR=':'
SET_MAKE=''
SHELL='/bin/bash'
STRIP=''
VERSION='0.1.3'
ac_ct_CC='gcc'
am__fastdepCC_FALSE='#'
am__fastdepCC_TRUE=''
am__include='include'
am__isrc=''
am__leading_dot='.'
am__quote=''
am__tar='${AMTAR} chof - "$$tardir"'
am__untar='${AMTAR} xf -'
bindir='${exec_prefix}/bin'
build_alias=''
datadir='${datarootdir}'
datarootdir='${prefix}/share'
docdir='${datarootdir}/doc/${PACKAGE_TARNAME}'
dvidir='${docdir}'
exec_prefix='${prefix}'
host_alias=''
htmldir='${docdir}'
includedir='${prefix}/include'
infodir='${datarootdir}/info'
install_sh='$(SHELL) /home/saxgod/saxigate/install-sh'
libdir='${exec_prefix}/lib'
libexecdir='${exec_prefix}/libexec'
localedir='${datarootdir}/locale'
localstatedir='${prefix}/var'
mandir='${datarootdir}/man'
mkdir_p='/bin/mkdir -p'
oldincludedir='/usr/include'
pdfdir='${docdir}'
prefix='/usr/local'
program_transform_name='s,x,x,'
psdir='${docdir}'
sbindir='${exec_prefix}/sbin'
sharedstatedir='${prefix}/com'
sysconfdir='${prefix}/etc'
target_alias=''

## ----------- ##
## confdefs.h. ##
## ----------- ##

#define PACKAGE_NAME "saxIgate"
#define PACKAGE_TARNAME "saxigate"
#define PACKAGE_VERSION "0.1.3"
#define PACKAGE_STRING "saxIgate 0.1.3"
#define PACKAGE_BUGREPORT "on4sax@on4sax.be"
#define PACKAGE "saxigate"
#define VERSION "0.1.3"

configure: exit 0
